0 info it worked if it ends with ok
1 verbose cli [ '/Users/drwizzard/.node/bin/node',
1 verbose cli   '/Users/drwizzard/.node/bin/npm',
1 verbose cli   'install',
1 verbose cli   'gulp-jshint',
1 verbose cli   'gulpt-watch',
1 verbose cli   'gulp-mocha',
1 verbose cli   'gulp-nodemon',
1 verbose cli   '--save-dev' ]
2 info using npm@1.4.28
3 info using node@v0.10.35
4 warn package.json 6-homegrown-percistance@1.0.0 No description
5 warn package.json 6-homegrown-percistance@1.0.0 No README data
6 verbose readDependencies using package.json deps
7 verbose cache add [ 'gulp-jshint', null ]
8 verbose cache add name=undefined spec="gulp-jshint" args=["gulp-jshint",null]
9 verbose parsed url { protocol: null,
9 verbose parsed url   slashes: null,
9 verbose parsed url   auth: null,
9 verbose parsed url   host: null,
9 verbose parsed url   port: null,
9 verbose parsed url   hostname: null,
9 verbose parsed url   hash: null,
9 verbose parsed url   search: null,
9 verbose parsed url   query: null,
9 verbose parsed url   pathname: 'gulp-jshint',
9 verbose parsed url   path: 'gulp-jshint',
9 verbose parsed url   href: 'gulp-jshint' }
10 verbose cache add [ 'gulpt-watch', null ]
11 verbose cache add name=undefined spec="gulpt-watch" args=["gulpt-watch",null]
12 verbose parsed url { protocol: null,
12 verbose parsed url   slashes: null,
12 verbose parsed url   auth: null,
12 verbose parsed url   host: null,
12 verbose parsed url   port: null,
12 verbose parsed url   hostname: null,
12 verbose parsed url   hash: null,
12 verbose parsed url   search: null,
12 verbose parsed url   query: null,
12 verbose parsed url   pathname: 'gulpt-watch',
12 verbose parsed url   path: 'gulpt-watch',
12 verbose parsed url   href: 'gulpt-watch' }
13 verbose cache add [ 'gulp-mocha', null ]
14 verbose cache add name=undefined spec="gulp-mocha" args=["gulp-mocha",null]
15 verbose parsed url { protocol: null,
15 verbose parsed url   slashes: null,
15 verbose parsed url   auth: null,
15 verbose parsed url   host: null,
15 verbose parsed url   port: null,
15 verbose parsed url   hostname: null,
15 verbose parsed url   hash: null,
15 verbose parsed url   search: null,
15 verbose parsed url   query: null,
15 verbose parsed url   pathname: 'gulp-mocha',
15 verbose parsed url   path: 'gulp-mocha',
15 verbose parsed url   href: 'gulp-mocha' }
16 verbose cache add [ 'gulp-nodemon', null ]
17 verbose cache add name=undefined spec="gulp-nodemon" args=["gulp-nodemon",null]
18 verbose parsed url { protocol: null,
18 verbose parsed url   slashes: null,
18 verbose parsed url   auth: null,
18 verbose parsed url   host: null,
18 verbose parsed url   port: null,
18 verbose parsed url   hostname: null,
18 verbose parsed url   hash: null,
18 verbose parsed url   search: null,
18 verbose parsed url   query: null,
18 verbose parsed url   pathname: 'gulp-nodemon',
18 verbose parsed url   path: 'gulp-nodemon',
18 verbose parsed url   href: 'gulp-nodemon' }
19 silly lockFile aeb19f3d-gulp-jshint gulp-jshint
20 verbose lock gulp-jshint /Users/drwizzard/.npm/aeb19f3d-gulp-jshint.lock
21 silly lockFile 4ba14bd8-gulpt-watch gulpt-watch
22 verbose lock gulpt-watch /Users/drwizzard/.npm/4ba14bd8-gulpt-watch.lock
23 silly lockFile dc00f1bc-gulp-mocha gulp-mocha
24 verbose lock gulp-mocha /Users/drwizzard/.npm/dc00f1bc-gulp-mocha.lock
25 silly lockFile 39617e3a-gulp-nodemon gulp-nodemon
26 verbose lock gulp-nodemon /Users/drwizzard/.npm/39617e3a-gulp-nodemon.lock
27 silly lockFile aeb19f3d-gulp-jshint gulp-jshint
28 silly lockFile aeb19f3d-gulp-jshint gulp-jshint
29 silly lockFile 4ba14bd8-gulpt-watch gulpt-watch
30 silly lockFile 4ba14bd8-gulpt-watch gulpt-watch
31 silly lockFile dc00f1bc-gulp-mocha gulp-mocha
32 silly lockFile dc00f1bc-gulp-mocha gulp-mocha
33 verbose addNamed [ 'gulp-jshint', '' ]
34 verbose addNamed [ null, '*' ]
35 silly lockFile 8b36bbde-gulp-jshint gulp-jshint@
36 verbose lock gulp-jshint@ /Users/drwizzard/.npm/8b36bbde-gulp-jshint.lock
37 silly lockFile 39617e3a-gulp-nodemon gulp-nodemon
38 silly lockFile 39617e3a-gulp-nodemon gulp-nodemon
39 verbose addNamed [ 'gulpt-watch', '' ]
40 verbose addNamed [ null, '*' ]
41 silly lockFile 725e7d51-gulpt-watch gulpt-watch@
42 verbose lock gulpt-watch@ /Users/drwizzard/.npm/725e7d51-gulpt-watch.lock
43 verbose addNamed [ 'gulp-mocha', '' ]
44 verbose addNamed [ null, '*' ]
45 silly lockFile 06e85136-gulp-mocha gulp-mocha@
46 verbose lock gulp-mocha@ /Users/drwizzard/.npm/06e85136-gulp-mocha.lock
47 verbose addNamed [ 'gulp-nodemon', '' ]
48 verbose addNamed [ null, '*' ]
49 silly lockFile 62a3d2d1-gulp-nodemon gulp-nodemon@
50 verbose lock gulp-nodemon@ /Users/drwizzard/.npm/62a3d2d1-gulp-nodemon.lock
51 silly addNameRange { name: 'gulp-jshint', range: '*', hasData: false }
52 silly addNameRange { name: 'gulpt-watch', range: '*', hasData: false }
53 silly addNameRange { name: 'gulp-mocha', range: '*', hasData: false }
54 verbose request where is /gulp-jshint
55 verbose request registry https://registry.npmjs.org/
56 verbose request id fcd4b7f0c3af6576
57 verbose url raw /gulp-jshint
58 verbose url resolving [ 'https://registry.npmjs.org/', './gulp-jshint' ]
59 verbose url resolved https://registry.npmjs.org/gulp-jshint
60 verbose request where is https://registry.npmjs.org/gulp-jshint
61 info trying registry request attempt 1 at 17:55:34
62 http GET https://registry.npmjs.org/gulp-jshint
63 silly addNameRange { name: 'gulp-nodemon', range: '*', hasData: false }
64 verbose request where is /gulpt-watch
65 verbose request registry https://registry.npmjs.org/
66 verbose url raw /gulpt-watch
67 verbose url resolving [ 'https://registry.npmjs.org/', './gulpt-watch' ]
68 verbose url resolved https://registry.npmjs.org/gulpt-watch
69 verbose request where is https://registry.npmjs.org/gulpt-watch
70 info trying registry request attempt 1 at 17:55:34
71 http GET https://registry.npmjs.org/gulpt-watch
72 verbose request where is /gulp-mocha
73 verbose request registry https://registry.npmjs.org/
74 verbose url raw /gulp-mocha
75 verbose url resolving [ 'https://registry.npmjs.org/', './gulp-mocha' ]
76 verbose url resolved https://registry.npmjs.org/gulp-mocha
77 verbose request where is https://registry.npmjs.org/gulp-mocha
78 info trying registry request attempt 1 at 17:55:34
79 http GET https://registry.npmjs.org/gulp-mocha
80 verbose request where is /gulp-nodemon
81 verbose request registry https://registry.npmjs.org/
82 verbose url raw /gulp-nodemon
83 verbose url resolving [ 'https://registry.npmjs.org/', './gulp-nodemon' ]
84 verbose url resolved https://registry.npmjs.org/gulp-nodemon
85 verbose request where is https://registry.npmjs.org/gulp-nodemon
86 info trying registry request attempt 1 at 17:55:34
87 http GET https://registry.npmjs.org/gulp-nodemon
88 http 200 https://registry.npmjs.org/gulp-nodemon
89 silly registry.get cb [ 200,
89 silly registry.get   { server: 'CouchDB/1.5.0 (Erlang OTP/R16B03)',
89 silly registry.get     etag: '"6C1S5ALV76ZBZVDMRZQ09TCHU"',
89 silly registry.get     'content-type': 'application/json',
89 silly registry.get     'cache-control': 'max-age=60',
89 silly registry.get     'content-length': '23365',
89 silly registry.get     'accept-ranges': 'bytes',
89 silly registry.get     date: 'Wed, 13 May 2015 00:55:34 GMT',
89 silly registry.get     via: '1.1 varnish',
89 silly registry.get     age: '26',
89 silly registry.get     connection: 'keep-alive',
89 silly registry.get     'x-served-by': 'cache-lax1434-LAX',
89 silly registry.get     'x-cache': 'HIT',
89 silly registry.get     'x-cache-hits': '1',
89 silly registry.get     'x-timer': 'S1431478534.420547,VS0,VE0',
89 silly registry.get     vary: 'Accept' } ]
90 silly addNameRange number 2 { name: 'gulp-nodemon', range: '*', hasData: true }
91 silly addNameRange versions [ 'gulp-nodemon',
91 silly addNameRange   [ '0.0.1',
91 silly addNameRange     '0.0.2',
91 silly addNameRange     '0.0.3',
91 silly addNameRange     '0.1.0',
91 silly addNameRange     '0.1.1',
91 silly addNameRange     '0.1.2',
91 silly addNameRange     '1.0.0',
91 silly addNameRange     '1.0.1',
91 silly addNameRange     '1.0.2',
91 silly addNameRange     '1.0.3',
91 silly addNameRange     '1.0.4',
91 silly addNameRange     '1.0.5',
91 silly addNameRange     '2.0.0',
91 silly addNameRange     '2.0.1',
91 silly addNameRange     '2.0.2',
91 silly addNameRange     '2.0.3' ] ]
92 verbose addNamed [ 'gulp-nodemon', '2.0.3' ]
93 verbose addNamed [ '2.0.3', '2.0.3' ]
94 silly lockFile 0cd11ab1-gulp-nodemon-2-0-3 gulp-nodemon@2.0.3
95 verbose lock gulp-nodemon@2.0.3 /Users/drwizzard/.npm/0cd11ab1-gulp-nodemon-2-0-3.lock
96 silly lockFile 3a0bd882-p-nodemon-gulp-nodemon-2-0-3-tgz https://registry.npmjs.org/gulp-nodemon/-/gulp-nodemon-2.0.3.tgz
97 verbose lock https://registry.npmjs.org/gulp-nodemon/-/gulp-nodemon-2.0.3.tgz /Users/drwizzard/.npm/3a0bd882-p-nodemon-gulp-nodemon-2-0-3-tgz.lock
98 verbose addRemoteTarball [ 'https://registry.npmjs.org/gulp-nodemon/-/gulp-nodemon-2.0.3.tgz',
98 verbose addRemoteTarball   '61964ef9df995615e649a3a0b6d0d47e0cbec9e7' ]
99 info retry fetch attempt 1 at 17:55:34
100 verbose fetch to= /var/folders/11/vgvjzg8s4jdgsdqrgrx18b900000gv/T/npm-73468-I5TG3LBm/registry.npmjs.org/gulp-nodemon/-/gulp-nodemon-2.0.3.tgz
101 http GET https://registry.npmjs.org/gulp-nodemon/-/gulp-nodemon-2.0.3.tgz
102 http 404 https://registry.npmjs.org/gulpt-watch
103 verbose headers { server: 'CouchDB/1.5.0 (Erlang OTP/R16B03)',
103 verbose headers   'content-type': 'application/json',
103 verbose headers   'cache-control': 'max-age=0',
103 verbose headers   'content-length': '51',
103 verbose headers   'accept-ranges': 'bytes',
103 verbose headers   date: 'Wed, 13 May 2015 00:55:34 GMT',
103 verbose headers   via: '1.1 varnish',
103 verbose headers   age: '0',
103 verbose headers   connection: 'keep-alive',
103 verbose headers   'x-served-by': 'cache-lax1424-LAX',
103 verbose headers   'x-cache': 'MISS',
103 verbose headers   'x-cache-hits': '0',
103 verbose headers   'x-timer': 'S1431478534.426777,VS0,VE81' }
104 silly registry.get cb [ 404,
104 silly registry.get   { server: 'CouchDB/1.5.0 (Erlang OTP/R16B03)',
104 silly registry.get     'content-type': 'application/json',
104 silly registry.get     'cache-control': 'max-age=0',
104 silly registry.get     'content-length': '51',
104 silly registry.get     'accept-ranges': 'bytes',
104 silly registry.get     date: 'Wed, 13 May 2015 00:55:34 GMT',
104 silly registry.get     via: '1.1 varnish',
104 silly registry.get     age: '0',
104 silly registry.get     connection: 'keep-alive',
104 silly registry.get     'x-served-by': 'cache-lax1424-LAX',
104 silly registry.get     'x-cache': 'MISS',
104 silly registry.get     'x-cache-hits': '0',
104 silly registry.get     'x-timer': 'S1431478534.426777,VS0,VE81' } ]
105 silly lockFile 725e7d51-gulpt-watch gulpt-watch@
106 silly lockFile 725e7d51-gulpt-watch gulpt-watch@
107 http 200 https://registry.npmjs.org/gulp-jshint
108 silly registry.get cb [ 200,
108 silly registry.get   { server: 'CouchDB/1.5.0 (Erlang OTP/R16B03)',
108 silly registry.get     etag: '"A47MEGCN7HAM5AWWT4YISFP4H"',
108 silly registry.get     'content-type': 'application/json',
108 silly registry.get     'cache-control': 'max-age=60',
108 silly registry.get     'content-length': '58933',
108 silly registry.get     'accept-ranges': 'bytes',
108 silly registry.get     date: 'Wed, 13 May 2015 00:55:34 GMT',
108 silly registry.get     via: '1.1 varnish',
108 silly registry.get     age: '27',
108 silly registry.get     connection: 'keep-alive',
108 silly registry.get     'x-served-by': 'cache-lax1434-LAX',
108 silly registry.get     'x-cache': 'HIT',
108 silly registry.get     'x-cache-hits': '1',
108 silly registry.get     'x-timer': 'S1431478534.425129,VS0,VE0',
108 silly registry.get     vary: 'Accept' } ]
109 http 200 https://registry.npmjs.org/gulp-mocha
110 silly registry.get cb [ 200,
110 silly registry.get   { server: 'CouchDB/1.5.0 (Erlang OTP/R16B03)',
110 silly registry.get     etag: '"DO1L7A1SPW9LP0HERW8TMIA6"',
110 silly registry.get     'content-type': 'application/json',
110 silly registry.get     'cache-control': 'max-age=60',
110 silly registry.get     'content-length': '22124',
110 silly registry.get     'accept-ranges': 'bytes',
110 silly registry.get     date: 'Wed, 13 May 2015 00:55:34 GMT',
110 silly registry.get     via: '1.1 varnish',
110 silly registry.get     age: '0',
110 silly registry.get     connection: 'keep-alive',
110 silly registry.get     'x-served-by': 'cache-lax1428-LAX',
110 silly registry.get     'x-cache': 'HIT',
110 silly registry.get     'x-cache-hits': '1',
110 silly registry.get     'x-timer': 'S1431478534.422220,VS0,VE45',
110 silly registry.get     vary: 'Accept' } ]
111 silly addNameRange number 2 { name: 'gulp-mocha', range: '*', hasData: true }
112 silly addNameRange versions [ 'gulp-mocha',
112 silly addNameRange   [ '0.1.0',
112 silly addNameRange     '0.1.1',
112 silly addNameRange     '0.1.2',
112 silly addNameRange     '0.1.3',
112 silly addNameRange     '0.2.0',
112 silly addNameRange     '0.3.0',
112 silly addNameRange     '0.4.0',
112 silly addNameRange     '0.4.1',
112 silly addNameRange     '0.5.0',
112 silly addNameRange     '0.5.1',
112 silly addNameRange     '0.5.2',
112 silly addNameRange     '1.0.0',
112 silly addNameRange     '1.1.0',
112 silly addNameRange     '1.1.1',
112 silly addNameRange     '1.1.2',
112 silly addNameRange     '2.0.0',
112 silly addNameRange     '2.0.1' ] ]
113 verbose addNamed [ 'gulp-mocha', '2.0.1' ]
114 verbose addNamed [ '2.0.1', '2.0.1' ]
115 silly lockFile b617789b-gulp-mocha-2-0-1 gulp-mocha@2.0.1
116 verbose lock gulp-mocha@2.0.1 /Users/drwizzard/.npm/b617789b-gulp-mocha-2-0-1.lock
117 silly addNameRange number 2 { name: 'gulp-jshint', range: '*', hasData: true }
118 silly addNameRange versions [ 'gulp-jshint',
118 silly addNameRange   [ '0.0.1',
118 silly addNameRange     '0.1.0',
118 silly addNameRange     '1.0.0',
118 silly addNameRange     '1.1.0',
118 silly addNameRange     '1.2.0',
118 silly addNameRange     '1.3.0',
118 silly addNameRange     '1.3.1',
118 silly addNameRange     '1.3.2',
118 silly addNameRange     '1.3.3',
118 silly addNameRange     '1.3.4',
118 silly addNameRange     '1.4.0',
118 silly addNameRange     '1.4.1',
118 silly addNameRange     '1.4.2',
118 silly addNameRange     '1.5.0',
118 silly addNameRange     '1.5.1',
118 silly addNameRange     '1.5.2',
118 silly addNameRange     '1.5.3',
118 silly addNameRange     '1.5.4',
118 silly addNameRange     '1.5.5',
118 silly addNameRange     '1.5.6',
118 silly addNameRange     '1.6.0',
118 silly addNameRange     '1.6.1',
118 silly addNameRange     '1.6.2',
118 silly addNameRange     '1.6.3',
118 silly addNameRange     '1.6.4',
118 silly addNameRange     '1.7.0',
118 silly addNameRange     '1.7.1',
118 silly addNameRange     '1.8.0',
118 silly addNameRange     '1.8.1',
118 silly addNameRange     '1.8.2',
118 silly addNameRange     '1.8.3',
118 silly addNameRange     '1.8.4',
118 silly addNameRange     '1.8.5',
118 silly addNameRange     '1.8.6',
118 silly addNameRange     '1.9.0',
118 silly addNameRange     '1.9.2',
118 silly addNameRange     '1.9.3',
118 silly addNameRange     '1.9.4',
118 silly addNameRange     '1.10.0' ] ]
119 verbose addNamed [ 'gulp-jshint', '1.10.0' ]
120 verbose addNamed [ '1.10.0', '1.10.0' ]
121 silly lockFile 4defc810-gulp-jshint-1-10-0 gulp-jshint@1.10.0
122 verbose lock gulp-jshint@1.10.0 /Users/drwizzard/.npm/4defc810-gulp-jshint-1-10-0.lock
123 silly lockFile 130980eb--gulp-mocha-gulp-mocha-2-0-1-tgz https://registry.npmjs.org/gulp-mocha/-/gulp-mocha-2.0.1.tgz
124 verbose lock https://registry.npmjs.org/gulp-mocha/-/gulp-mocha-2.0.1.tgz /Users/drwizzard/.npm/130980eb--gulp-mocha-gulp-mocha-2-0-1-tgz.lock
125 silly lockFile e2ee236a-lp-jshint-gulp-jshint-1-10-0-tgz https://registry.npmjs.org/gulp-jshint/-/gulp-jshint-1.10.0.tgz
126 verbose lock https://registry.npmjs.org/gulp-jshint/-/gulp-jshint-1.10.0.tgz /Users/drwizzard/.npm/e2ee236a-lp-jshint-gulp-jshint-1-10-0-tgz.lock
127 verbose addRemoteTarball [ 'https://registry.npmjs.org/gulp-mocha/-/gulp-mocha-2.0.1.tgz',
127 verbose addRemoteTarball   '5f03fabef3f65d9e980252721a57cd476068fb92' ]
128 verbose addRemoteTarball [ 'https://registry.npmjs.org/gulp-jshint/-/gulp-jshint-1.10.0.tgz',
128 verbose addRemoteTarball   'bfef911221820344b13ed39dfaf33da7b63a9501' ]
129 info retry fetch attempt 1 at 17:55:34
130 verbose fetch to= /var/folders/11/vgvjzg8s4jdgsdqrgrx18b900000gv/T/npm-73468-I5TG3LBm/registry.npmjs.org/gulp-mocha/-/gulp-mocha-2.0.1.tgz
131 info retry fetch attempt 1 at 17:55:34
132 verbose fetch to= /var/folders/11/vgvjzg8s4jdgsdqrgrx18b900000gv/T/npm-73468-I5TG3LBm/registry.npmjs.org/gulp-jshint/-/gulp-jshint-1.10.0.tgz
133 http GET https://registry.npmjs.org/gulp-mocha/-/gulp-mocha-2.0.1.tgz
134 http GET https://registry.npmjs.org/gulp-jshint/-/gulp-jshint-1.10.0.tgz
135 http 200 https://registry.npmjs.org/gulp-nodemon/-/gulp-nodemon-2.0.3.tgz
136 silly lockFile 3a0bd882-p-nodemon-gulp-nodemon-2-0-3-tgz https://registry.npmjs.org/gulp-nodemon/-/gulp-nodemon-2.0.3.tgz
137 silly lockFile 3a0bd882-p-nodemon-gulp-nodemon-2-0-3-tgz https://registry.npmjs.org/gulp-nodemon/-/gulp-nodemon-2.0.3.tgz
138 silly lockFile 0cd11ab1-gulp-nodemon-2-0-3 gulp-nodemon@2.0.3
139 silly lockFile 0cd11ab1-gulp-nodemon-2-0-3 gulp-nodemon@2.0.3
140 silly lockFile 62a3d2d1-gulp-nodemon gulp-nodemon@
141 silly lockFile 62a3d2d1-gulp-nodemon gulp-nodemon@
142 http 200 https://registry.npmjs.org/gulp-mocha/-/gulp-mocha-2.0.1.tgz
143 http 200 https://registry.npmjs.org/gulp-jshint/-/gulp-jshint-1.10.0.tgz
144 silly lockFile 130980eb--gulp-mocha-gulp-mocha-2-0-1-tgz https://registry.npmjs.org/gulp-mocha/-/gulp-mocha-2.0.1.tgz
145 silly lockFile 130980eb--gulp-mocha-gulp-mocha-2-0-1-tgz https://registry.npmjs.org/gulp-mocha/-/gulp-mocha-2.0.1.tgz
146 silly lockFile b617789b-gulp-mocha-2-0-1 gulp-mocha@2.0.1
147 silly lockFile b617789b-gulp-mocha-2-0-1 gulp-mocha@2.0.1
148 silly lockFile 06e85136-gulp-mocha gulp-mocha@
149 silly lockFile 06e85136-gulp-mocha gulp-mocha@
150 silly lockFile e2ee236a-lp-jshint-gulp-jshint-1-10-0-tgz https://registry.npmjs.org/gulp-jshint/-/gulp-jshint-1.10.0.tgz
151 silly lockFile e2ee236a-lp-jshint-gulp-jshint-1-10-0-tgz https://registry.npmjs.org/gulp-jshint/-/gulp-jshint-1.10.0.tgz
152 silly lockFile 4defc810-gulp-jshint-1-10-0 gulp-jshint@1.10.0
153 silly lockFile 4defc810-gulp-jshint-1-10-0 gulp-jshint@1.10.0
154 silly lockFile 8b36bbde-gulp-jshint gulp-jshint@
155 silly lockFile 8b36bbde-gulp-jshint gulp-jshint@
156 error 404 404 Not Found: gulpt-watch
156 error 404
156 error 404 'gulpt-watch' is not in the npm registry.
156 error 404 You should bug the author to publish it
156 error 404 It was specified as a dependency of '6-homegrown-percistance'
156 error 404
156 error 404 Note that you can also install from a
156 error 404 tarball, folder, or http url, or git url.
157 error System Darwin 14.1.0
158 error command "/Users/drwizzard/.node/bin/node" "/Users/drwizzard/.node/bin/npm" "install" "gulp-jshint" "gulpt-watch" "gulp-mocha" "gulp-nodemon" "--save-dev"
159 error cwd /Users/drwizzard/Documents/gitz/codefellows/js/hw/6-homegrown-percistance
160 error node -v v0.10.35
161 error npm -v 1.4.28
162 error code E404
163 verbose exit [ 1, true ]
